{"numTotalTestSuites":32,"numPassedTestSuites":19,"numFailedTestSuites":13,"numPendingTestSuites":0,"numTotalTests":32,"numPassedTests":30,"numFailedTests":2,"numPendingTests":0,"numTodoTests":0,"snapshot":{"added":0,"failure":false,"filesAdded":0,"filesRemoved":0,"filesRemovedList":[],"filesUnmatched":0,"filesUpdated":0,"matched":0,"total":0,"unchecked":0,"uncheckedKeysByFile":[],"unmatched":0,"updated":0,"didUpdate":false},"startTime":1758902815406,"success":false,"testResults":[{"assertionResults":[],"startTime":1758902815406,"endTime":1758902815406,"status":"failed","message":"Cannot find module '@grpc/grpc-js' imported from 'E:/Zera Github/zera-js-sdk/src/grpc/generic-grpc-client.ts'.\n\n- If you rely on tsconfig.json's \"paths\" to resolve modules, please install \"vite-tsconfig-paths\" plugin to handle module resolution.\n- Make sure you don't have relative aliases in your Vitest config. Use absolute paths instead. Read more: https://vitest.dev/guide/common-errors","name":"E:/Zera Github/zera-js-sdk/src/coin-txn/tests/coin-txn.modern.test.ts"},{"assertionResults":[],"startTime":1758902815406,"endTime":1758902815406,"status":"failed","message":"Cannot find module '@grpc/grpc-js' imported from 'E:/Zera Github/zera-js-sdk/src/grpc/generic-grpc-client.ts'.\n\n- If you rely on tsconfig.json's \"paths\" to resolve modules, please install \"vite-tsconfig-paths\" plugin to handle module resolution.\n- Make sure you don't have relative aliases in your Vitest config. Use absolute paths instead. Read more: https://vitest.dev/guide/common-errors","name":"E:/Zera Github/zera-js-sdk/src/coin-txn/tests/coin-txn.test.ts"},{"assertionResults":[{"ancestorTitles":["ZERA Fee System","Universal Fee Calculator"],"fullName":"ZERA Fee System Universal Fee Calculator should calculate basic fees correctly","status":"passed","title":"should calculate basic fees correctly","duration":9.23239999999987,"failureMessages":[],"meta":{}},{"ancestorTitles":["ZERA Fee System","Universal Fee Calculator"],"fullName":"ZERA Fee System Universal Fee Calculator should calculate fees with contract fee","status":"failed","title":"should calculate fees with contract fee","duration":26.228799999999865,"failureMessages":["AssertionError: expected '0' not to be '0' // Object.is equality\n    at E:\\Zera Github\\zera-js-sdk\\src\\coin-txn\\tests\\fee-system.test.ts:73:43\n    at file:///E:/Zera%20Github/zera-js-sdk/node_modules/@vitest/runner/dist/chunk-hooks.js:752:20"],"meta":{}},{"ancestorTitles":["ZERA Fee System","Universal Fee Calculator"],"fullName":"ZERA Fee System Universal Fee Calculator should get exchange rates","status":"passed","title":"should get exchange rates","duration":98.61460000000011,"failureMessages":[],"meta":{}},{"ancestorTitles":["ZERA Fee System","Transaction Size Calculator"],"fullName":"ZERA Fee System Transaction Size Calculator should calculate transaction size correctly","status":"failed","title":"should calculate transaction size correctly","duration":1.1306999999999334,"failureMessages":["Error: Invalid public key identifier: no underscore found\n    at getPublicKeyBytes (E:\\Zera Github\\zera-js-sdk\\src\\shared\\crypto\\address-utils.ts:182:11)\n    at publicKeySizeCalculator (E:\\Zera Github\\zera-js-sdk\\src\\shared\\utils\\transaction-size-calculator.ts:218:28)\n    at calculateRepeatedFieldSize (E:\\Zera Github\\zera-js-sdk\\src\\shared\\utils\\transaction-size-calculator.ts:124:18)\n    at calculateTransferAuthSize (E:\\Zera Github\\zera-js-sdk\\src\\shared\\utils\\transaction-size-calculator.ts:222:11)\n    at calculateCoinTXNSize (E:\\Zera Github\\zera-js-sdk\\src\\shared\\utils\\transaction-size-calculator.ts:272:16)\n    at E:\\Zera Github\\zera-js-sdk\\src\\coin-txn\\tests\\fee-system.test.ts:123:22\n    at file:///E:/Zera%20Github/zera-js-sdk/node_modules/@vitest/runner/dist/chunk-hooks.js:155:11\n    at file:///E:/Zera%20Github/zera-js-sdk/node_modules/@vitest/runner/dist/chunk-hooks.js:752:26\n    at file:///E:/Zera%20Github/zera-js-sdk/node_modules/@vitest/runner/dist/chunk-hooks.js:1897:20\n    at new Promise (<anonymous>)"],"meta":{}},{"ancestorTitles":["ZERA Fee System","Transaction Size Calculator"],"fullName":"ZERA Fee System Transaction Size Calculator should handle different key types","status":"passed","title":"should handle different key types","duration":0.2867999999998574,"failureMessages":[],"meta":{}},{"ancestorTitles":["ZERA Fee System","ACE Exchange Rate Service"],"fullName":"ZERA Fee System ACE Exchange Rate Service should fetch exchange rates","status":"passed","title":"should fetch exchange rates","duration":1.3496000000000095,"failureMessages":[],"meta":{}},{"ancestorTitles":["ZERA Fee System","ACE Exchange Rate Service"],"fullName":"ZERA Fee System ACE Exchange Rate Service should convert USD to currency","status":"passed","title":"should convert USD to currency","duration":1.5713000000000648,"failureMessages":[],"meta":{}},{"ancestorTitles":["ZERA Fee System","Edge Cases and Error Handling"],"fullName":"ZERA Fee System Edge Cases and Error Handling should handle invalid contract ID","status":"passed","title":"should handle invalid contract ID","duration":1.6585000000000036,"failureMessages":[],"meta":{}},{"ancestorTitles":["ZERA Fee System","Edge Cases and Error Handling"],"fullName":"ZERA Fee System Edge Cases and Error Handling should handle zero transaction amount","status":"passed","title":"should handle zero transaction amount","duration":0.644399999999905,"failureMessages":[],"meta":{}},{"ancestorTitles":["ZERA Fee System","Performance Tests"],"fullName":"ZERA Fee System Performance Tests should calculate fees efficiently","status":"passed","title":"should calculate fees efficiently","duration":1.1665000000000418,"failureMessages":[],"meta":{}}],"startTime":1758902816174,"endTime":1758902816316.1665,"status":"failed","message":"","name":"E:/Zera Github/zera-js-sdk/src/coin-txn/tests/fee-system.test.ts"},{"assertionResults":[],"startTime":1758902815406,"endTime":1758902815406,"status":"failed","message":"No test suite found in file E:/Zera Github/zera-js-sdk/src/wallet-creation/tests/constants.test.ts","name":"E:/Zera Github/zera-js-sdk/src/wallet-creation/tests/constants.test.ts"},{"assertionResults":[],"startTime":1758902815406,"endTime":1758902815406,"status":"failed","message":"No test suite found in file E:/Zera Github/zera-js-sdk/src/wallet-creation/tests/crypto-core.test.ts","name":"E:/Zera Github/zera-js-sdk/src/wallet-creation/tests/crypto-core.test.ts"},{"assertionResults":[],"startTime":1758902815406,"endTime":1758902815406,"status":"failed","message":"No test suite found in file E:/Zera Github/zera-js-sdk/src/wallet-creation/tests/ed25519.test.ts","name":"E:/Zera Github/zera-js-sdk/src/wallet-creation/tests/ed25519.test.ts"},{"assertionResults":[],"startTime":1758902815406,"endTime":1758902815406,"status":"failed","message":"No test suite found in file E:/Zera Github/zera-js-sdk/src/wallet-creation/tests/ed448.test.ts","name":"E:/Zera Github/zera-js-sdk/src/wallet-creation/tests/ed448.test.ts"},{"assertionResults":[],"startTime":1758902815406,"endTime":1758902815406,"status":"failed","message":"No test suite found in file E:/Zera Github/zera-js-sdk/src/wallet-creation/tests/enums.test.ts","name":"E:/Zera Github/zera-js-sdk/src/wallet-creation/tests/enums.test.ts"},{"assertionResults":[],"startTime":1758902815406,"endTime":1758902815406,"status":"failed","message":"No test suite found in file E:/Zera Github/zera-js-sdk/src/wallet-creation/tests/shared.test.ts","name":"E:/Zera Github/zera-js-sdk/src/wallet-creation/tests/shared.test.ts"},{"assertionResults":[{"ancestorTitles":["ZERA Wallet Creation","Basic Wallet Creation"],"fullName":"ZERA Wallet Creation Basic Wallet Creation should create a basic Ed25519 wallet","status":"passed","title":"should create a basic Ed25519 wallet","duration":89.32899999999995,"failureMessages":[],"meta":{}},{"ancestorTitles":["ZERA Wallet Creation","Basic Wallet Creation"],"fullName":"ZERA Wallet Creation Basic Wallet Creation should create a basic Ed448 wallet","status":"passed","title":"should create a basic Ed448 wallet","duration":27.456500000000005,"failureMessages":[],"meta":{}},{"ancestorTitles":["ZERA Wallet Creation","Mnemonic Generation"],"fullName":"ZERA Wallet Creation Mnemonic Generation should generate valid 12-word mnemonic","status":"passed","title":"should generate valid 12-word mnemonic","duration":0.796100000000024,"failureMessages":[],"meta":{}},{"ancestorTitles":["ZERA Wallet Creation","Mnemonic Generation"],"fullName":"ZERA Wallet Creation Mnemonic Generation should generate valid 24-word mnemonic","status":"passed","title":"should generate valid 24-word mnemonic","duration":0.3570999999999458,"failureMessages":[],"meta":{}},{"ancestorTitles":["ZERA Wallet Creation","Mnemonic Generation"],"fullName":"ZERA Wallet Creation Mnemonic Generation should generate different mnemonics","status":"passed","title":"should generate different mnemonics","duration":0.5848000000000866,"failureMessages":[],"meta":{}},{"ancestorTitles":["ZERA Wallet Creation","Performance Tests"],"fullName":"ZERA Wallet Creation Performance Tests should create wallet quickly","status":"passed","title":"should create wallet quickly","duration":10.095000000000027,"failureMessages":[],"meta":{}},{"ancestorTitles":["ZERA Wallet Creation","Performance Tests"],"fullName":"ZERA Wallet Creation Performance Tests should generate mnemonic very quickly","status":"passed","title":"should generate mnemonic very quickly","duration":0.32290000000011787,"failureMessages":[],"meta":{}},{"ancestorTitles":["ZERA Wallet Creation","Error Handling"],"fullName":"ZERA Wallet Creation Error Handling should handle invalid mnemonic length","status":"passed","title":"should handle invalid mnemonic length","duration":1.780599999999822,"failureMessages":[],"meta":{}},{"ancestorTitles":["ZERA Wallet Creation","Error Handling"],"fullName":"ZERA Wallet Creation Error Handling should handle invalid key type","status":"passed","title":"should handle invalid key type","duration":0.5841000000000349,"failureMessages":[],"meta":{}},{"ancestorTitles":["ZERA Wallet Creation","Batch Operations"],"fullName":"ZERA Wallet Creation Batch Operations should create multiple wallets efficiently","status":"passed","title":"should create multiple wallets efficiently","duration":68.67010000000005,"failureMessages":[],"meta":{}},{"ancestorTitles":["ZERA Wallet Creation","Mock Testing"],"fullName":"ZERA Wallet Creation Mock Testing should work with mock data","status":"passed","title":"should work with mock data","duration":0.19840000000021973,"failureMessages":[],"meta":{}}],"startTime":1758902816128,"endTime":1758902816328.6702,"status":"passed","message":"","name":"E:/Zera Github/zera-js-sdk/src/wallet-creation/tests/wallet-creation.modern.test.ts"},{"assertionResults":[{"ancestorTitles":["ZERA Wallet Creation Module","Basic Wallet Creation"],"fullName":"ZERA Wallet Creation Module Basic Wallet Creation should create a basic Ed25519 wallet","status":"passed","title":"should create a basic Ed25519 wallet","duration":96.08999999999992,"failureMessages":[],"meta":{}},{"ancestorTitles":["ZERA Wallet Creation Module","Basic Wallet Creation"],"fullName":"ZERA Wallet Creation Module Basic Wallet Creation should create a basic Ed448 wallet","status":"passed","title":"should create a basic Ed448 wallet","duration":18.436300000000074,"failureMessages":[],"meta":{}},{"ancestorTitles":["ZERA Wallet Creation Module","Mnemonic Generation"],"fullName":"ZERA Wallet Creation Module Mnemonic Generation should generate valid 12-word mnemonic","status":"passed","title":"should generate valid 12-word mnemonic","duration":0.8824999999999363,"failureMessages":[],"meta":{}},{"ancestorTitles":["ZERA Wallet Creation Module","Mnemonic Generation"],"fullName":"ZERA Wallet Creation Module Mnemonic Generation should generate valid 24-word mnemonic","status":"passed","title":"should generate valid 24-word mnemonic","duration":0.46890000000007603,"failureMessages":[],"meta":{}},{"ancestorTitles":["ZERA Wallet Creation Module","Mnemonic Generation"],"fullName":"ZERA Wallet Creation Module Mnemonic Generation should generate different mnemonics","status":"passed","title":"should generate different mnemonics","duration":0.6530999999999949,"failureMessages":[],"meta":{}},{"ancestorTitles":["ZERA Wallet Creation Module","Performance Tests"],"fullName":"ZERA Wallet Creation Module Performance Tests should create wallet quickly","status":"passed","title":"should create wallet quickly","duration":11.538800000000037,"failureMessages":[],"meta":{}},{"ancestorTitles":["ZERA Wallet Creation Module","Performance Tests"],"fullName":"ZERA Wallet Creation Module Performance Tests should generate mnemonic very quickly","status":"passed","title":"should generate mnemonic very quickly","duration":0.582300000000032,"failureMessages":[],"meta":{}},{"ancestorTitles":["ZERA Wallet Creation Module","Error Handling"],"fullName":"ZERA Wallet Creation Module Error Handling should handle invalid mnemonic length","status":"passed","title":"should handle invalid mnemonic length","duration":1.0782999999998992,"failureMessages":[],"meta":{}},{"ancestorTitles":["ZERA Wallet Creation Module","Error Handling"],"fullName":"ZERA Wallet Creation Module Error Handling should handle invalid key type","status":"passed","title":"should handle invalid key type","duration":0.618099999999913,"failureMessages":[],"meta":{}},{"ancestorTitles":["ZERA Wallet Creation Module","Batch Operations"],"fullName":"ZERA Wallet Creation Module Batch Operations should create multiple wallets efficiently","status":"passed","title":"should create multiple wallets efficiently","duration":70.56790000000001,"failureMessages":[],"meta":{}},{"ancestorTitles":["ZERA Wallet Creation Module","Mock Testing"],"fullName":"ZERA Wallet Creation Module Mock Testing should work with mock data","status":"passed","title":"should work with mock data","duration":0.6786999999999352,"failureMessages":[],"meta":{}}],"startTime":1758902816133,"endTime":1758902816335.6787,"status":"passed","message":"","name":"E:/Zera Github/zera-js-sdk/src/wallet-creation/tests/wallet-creation.module.test.ts"},{"assertionResults":[],"startTime":1758902815406,"endTime":1758902815406,"status":"failed","message":"No test suite found in file E:/Zera Github/zera-js-sdk/src/wallet-creation/tests/wallet-simple.test.ts","name":"E:/Zera Github/zera-js-sdk/src/wallet-creation/tests/wallet-simple.test.ts"}]}