{"numTotalTestSuites":30,"numPassedTestSuites":10,"numFailedTestSuites":20,"numPendingTestSuites":0,"numTotalTests":22,"numPassedTests":20,"numFailedTests":2,"numPendingTests":0,"numTodoTests":0,"snapshot":{"added":0,"failure":false,"filesAdded":0,"filesRemoved":0,"filesRemovedList":[],"filesUnmatched":0,"filesUpdated":0,"matched":0,"total":0,"unchecked":0,"uncheckedKeysByFile":[],"unmatched":0,"updated":0,"didUpdate":false},"startTime":1758822062893,"success":false,"testResults":[{"assertionResults":[],"startTime":1758822062893,"endTime":1758822062893,"status":"failed","message":"Cannot find module '@grpc/grpc-js' imported from 'E:/Zera Github/zera-js-sdk/src/grpc/generic-grpc-client.ts'.\n\n- If you rely on tsconfig.json's \"paths\" to resolve modules, please install \"vite-tsconfig-paths\" plugin to handle module resolution.\n- Make sure you don't have relative aliases in your Vitest config. Use absolute paths instead. Read more: https://vitest.dev/guide/common-errors","name":"E:/Zera Github/zera-js-sdk/src/coin-txn/tests/coin-txn.modern.test.ts"},{"assertionResults":[],"startTime":1758822062893,"endTime":1758822062893,"status":"failed","message":"Cannot find module '@grpc/grpc-js' imported from 'E:/Zera Github/zera-js-sdk/src/grpc/generic-grpc-client.ts'.\n\n- If you rely on tsconfig.json's \"paths\" to resolve modules, please install \"vite-tsconfig-paths\" plugin to handle module resolution.\n- Make sure you don't have relative aliases in your Vitest config. Use absolute paths instead. Read more: https://vitest.dev/guide/common-errors","name":"E:/Zera Github/zera-js-sdk/src/coin-txn/tests/test-coin-txn.ts"},{"assertionResults":[],"startTime":1758822062893,"endTime":1758822062893,"status":"failed","message":"No test suite found in file E:/Zera Github/zera-js-sdk/src/coin-txn/tests/test-fee-system.ts","name":"E:/Zera Github/zera-js-sdk/src/coin-txn/tests/test-fee-system.ts"},{"assertionResults":[],"startTime":1758822062893,"endTime":1758822062893,"status":"failed","message":"No test suite found in file E:/Zera Github/zera-js-sdk/src/wallet-creation/tests/test-constants.ts","name":"E:/Zera Github/zera-js-sdk/src/wallet-creation/tests/test-constants.ts"},{"assertionResults":[],"startTime":1758822062893,"endTime":1758822062893,"status":"failed","message":"No test suite found in file E:/Zera Github/zera-js-sdk/src/wallet-creation/tests/test-crypto-core.ts","name":"E:/Zera Github/zera-js-sdk/src/wallet-creation/tests/test-crypto-core.ts"},{"assertionResults":[],"startTime":1758822062893,"endTime":1758822062893,"status":"failed","message":"No test suite found in file E:/Zera Github/zera-js-sdk/src/wallet-creation/tests/test-ed25519.ts","name":"E:/Zera Github/zera-js-sdk/src/wallet-creation/tests/test-ed25519.ts"},{"assertionResults":[],"startTime":1758822062893,"endTime":1758822062893,"status":"failed","message":"No test suite found in file E:/Zera Github/zera-js-sdk/src/wallet-creation/tests/test-ed448.ts","name":"E:/Zera Github/zera-js-sdk/src/wallet-creation/tests/test-ed448.ts"},{"assertionResults":[],"startTime":1758822062893,"endTime":1758822062893,"status":"failed","message":"No test suite found in file E:/Zera Github/zera-js-sdk/src/wallet-creation/tests/test-enums.ts","name":"E:/Zera Github/zera-js-sdk/src/wallet-creation/tests/test-enums.ts"},{"assertionResults":[],"startTime":1758822062893,"endTime":1758822062893,"status":"failed","message":"No test suite found in file E:/Zera Github/zera-js-sdk/src/wallet-creation/tests/test-shared.ts","name":"E:/Zera Github/zera-js-sdk/src/wallet-creation/tests/test-shared.ts"},{"assertionResults":[],"startTime":1758822062893,"endTime":1758822062893,"status":"failed","message":"No test suite found in file E:/Zera Github/zera-js-sdk/src/wallet-creation/tests/test-wallet-simple.ts","name":"E:/Zera Github/zera-js-sdk/src/wallet-creation/tests/test-wallet-simple.ts"},{"assertionResults":[{"ancestorTitles":["ZERA Wallet Creation","Basic Wallet Creation"],"fullName":"ZERA Wallet Creation Basic Wallet Creation should create a basic Ed25519 wallet","status":"passed","title":"should create a basic Ed25519 wallet","duration":112.07709999999997,"failureMessages":[],"meta":{}},{"ancestorTitles":["ZERA Wallet Creation","Basic Wallet Creation"],"fullName":"ZERA Wallet Creation Basic Wallet Creation should create a basic Ed448 wallet","status":"failed","title":"should create a basic Ed448 wallet","duration":21.435000000000173,"failureMessages":["Error: \"secretKey\" expected Uint8Array of length 57, got length=32\n    at abytes (file:///E:/Zera%20Github/zera-js-sdk/node_modules/@noble/curves/node_modules/@noble/hashes/utils.js:26:15)\n    at getPrivateScalar (file:///E:/Zera%20Github/zera-js-sdk/node_modules/@noble/curves/abstract/edwards.js:418:9)\n    at getExtendedPublicKey (file:///E:/Zera%20Github/zera-js-sdk/node_modules/@noble/curves/abstract/edwards.js:429:42)\n    at Object.getPublicKey (file:///E:/Zera%20Github/zera-js-sdk/node_modules/@noble/curves/abstract/edwards.js:436:16)\n    at SLIP0010HDWallet.generatePublicKey (E:\\Zera Github\\zera-js-sdk\\src\\wallet-creation\\crypto-core.ts:235:20)\n    at SLIP0010HDWallet.deriveKeys (E:\\Zera Github\\zera-js-sdk\\src\\wallet-creation\\crypto-core.ts:182:28)\n    at new SLIP0010HDWallet (E:\\Zera Github\\zera-js-sdk\\src\\wallet-creation\\crypto-core.ts:134:26)\n    at createHDWallet (E:\\Zera Github\\zera-js-sdk\\src\\wallet-creation\\hd-utils.ts:102:10)\n    at WalletFactory.createWallet (E:\\Zera Github\\zera-js-sdk\\src\\wallet-creation\\wallet-factory.ts:90:20)\n    at createWallet (E:\\Zera Github\\zera-js-sdk\\src\\wallet-creation\\wallet-factory.ts:270:24)"],"meta":{}},{"ancestorTitles":["ZERA Wallet Creation","Mnemonic Generation"],"fullName":"ZERA Wallet Creation Mnemonic Generation should generate valid 12-word mnemonic","status":"passed","title":"should generate valid 12-word mnemonic","duration":0.8019999999999072,"failureMessages":[],"meta":{}},{"ancestorTitles":["ZERA Wallet Creation","Mnemonic Generation"],"fullName":"ZERA Wallet Creation Mnemonic Generation should generate valid 24-word mnemonic","status":"passed","title":"should generate valid 24-word mnemonic","duration":0.3867999999999938,"failureMessages":[],"meta":{}},{"ancestorTitles":["ZERA Wallet Creation","Mnemonic Generation"],"fullName":"ZERA Wallet Creation Mnemonic Generation should generate different mnemonics","status":"passed","title":"should generate different mnemonics","duration":0.7111999999999625,"failureMessages":[],"meta":{}},{"ancestorTitles":["ZERA Wallet Creation","Performance Tests"],"fullName":"ZERA Wallet Creation Performance Tests should create wallet quickly","status":"passed","title":"should create wallet quickly","duration":12.1404,"failureMessages":[],"meta":{}},{"ancestorTitles":["ZERA Wallet Creation","Performance Tests"],"fullName":"ZERA Wallet Creation Performance Tests should generate mnemonic very quickly","status":"passed","title":"should generate mnemonic very quickly","duration":0.590099999999893,"failureMessages":[],"meta":{}},{"ancestorTitles":["ZERA Wallet Creation","Error Handling"],"fullName":"ZERA Wallet Creation Error Handling should handle invalid mnemonic length","status":"passed","title":"should handle invalid mnemonic length","duration":2.2753000000000156,"failureMessages":[],"meta":{}},{"ancestorTitles":["ZERA Wallet Creation","Error Handling"],"fullName":"ZERA Wallet Creation Error Handling should handle invalid key type","status":"passed","title":"should handle invalid key type","duration":0.6438000000000557,"failureMessages":[],"meta":{}},{"ancestorTitles":["ZERA Wallet Creation","Batch Operations"],"fullName":"ZERA Wallet Creation Batch Operations should create multiple wallets efficiently","status":"passed","title":"should create multiple wallets efficiently","duration":70.19229999999993,"failureMessages":[],"meta":{}},{"ancestorTitles":["ZERA Wallet Creation","Mock Testing"],"fullName":"ZERA Wallet Creation Mock Testing should work with mock data","status":"passed","title":"should work with mock data","duration":0.2545999999999822,"failureMessages":[],"meta":{}}],"startTime":1758822063709,"endTime":1758822063931.2546,"status":"failed","message":"","name":"E:/Zera Github/zera-js-sdk/src/wallet-creation/tests/wallet-creation.modern.test.ts"},{"assertionResults":[{"ancestorTitles":["ZERA Wallet Creation Module","Basic Wallet Creation"],"fullName":"ZERA Wallet Creation Module Basic Wallet Creation should create a basic Ed25519 wallet","status":"passed","title":"should create a basic Ed25519 wallet","duration":118.02330000000006,"failureMessages":[],"meta":{}},{"ancestorTitles":["ZERA Wallet Creation Module","Basic Wallet Creation"],"fullName":"ZERA Wallet Creation Module Basic Wallet Creation should create a basic Ed448 wallet","status":"failed","title":"should create a basic Ed448 wallet","duration":19.542599999999993,"failureMessages":["Error: \"secretKey\" expected Uint8Array of length 57, got length=32\n    at abytes (file:///E:/Zera%20Github/zera-js-sdk/node_modules/@noble/curves/node_modules/@noble/hashes/utils.js:26:15)\n    at getPrivateScalar (file:///E:/Zera%20Github/zera-js-sdk/node_modules/@noble/curves/abstract/edwards.js:418:9)\n    at getExtendedPublicKey (file:///E:/Zera%20Github/zera-js-sdk/node_modules/@noble/curves/abstract/edwards.js:429:42)\n    at Object.getPublicKey (file:///E:/Zera%20Github/zera-js-sdk/node_modules/@noble/curves/abstract/edwards.js:436:16)\n    at SLIP0010HDWallet.generatePublicKey (E:\\Zera Github\\zera-js-sdk\\src\\wallet-creation\\crypto-core.ts:235:20)\n    at SLIP0010HDWallet.deriveKeys (E:\\Zera Github\\zera-js-sdk\\src\\wallet-creation\\crypto-core.ts:182:28)\n    at new SLIP0010HDWallet (E:\\Zera Github\\zera-js-sdk\\src\\wallet-creation\\crypto-core.ts:134:26)\n    at createHDWallet (E:\\Zera Github\\zera-js-sdk\\src\\wallet-creation\\hd-utils.ts:102:10)\n    at WalletFactory.createWallet (E:\\Zera Github\\zera-js-sdk\\src\\wallet-creation\\wallet-factory.ts:90:20)\n    at createWallet (E:\\Zera Github\\zera-js-sdk\\src\\wallet-creation\\wallet-factory.ts:270:24)"],"meta":{}},{"ancestorTitles":["ZERA Wallet Creation Module","Mnemonic Generation"],"fullName":"ZERA Wallet Creation Module Mnemonic Generation should generate valid 12-word mnemonic","status":"passed","title":"should generate valid 12-word mnemonic","duration":1.0240999999998621,"failureMessages":[],"meta":{}},{"ancestorTitles":["ZERA Wallet Creation Module","Mnemonic Generation"],"fullName":"ZERA Wallet Creation Module Mnemonic Generation should generate valid 24-word mnemonic","status":"passed","title":"should generate valid 24-word mnemonic","duration":0.8555999999998676,"failureMessages":[],"meta":{}},{"ancestorTitles":["ZERA Wallet Creation Module","Mnemonic Generation"],"fullName":"ZERA Wallet Creation Module Mnemonic Generation should generate different mnemonics","status":"passed","title":"should generate different mnemonics","duration":1.4594999999999345,"failureMessages":[],"meta":{}},{"ancestorTitles":["ZERA Wallet Creation Module","Performance Tests"],"fullName":"ZERA Wallet Creation Module Performance Tests should create wallet quickly","status":"passed","title":"should create wallet quickly","duration":13.47219999999993,"failureMessages":[],"meta":{}},{"ancestorTitles":["ZERA Wallet Creation Module","Performance Tests"],"fullName":"ZERA Wallet Creation Module Performance Tests should generate mnemonic very quickly","status":"passed","title":"should generate mnemonic very quickly","duration":0.5800999999999021,"failureMessages":[],"meta":{}},{"ancestorTitles":["ZERA Wallet Creation Module","Error Handling"],"fullName":"ZERA Wallet Creation Module Error Handling should handle invalid mnemonic length","status":"passed","title":"should handle invalid mnemonic length","duration":1.1298000000001593,"failureMessages":[],"meta":{}},{"ancestorTitles":["ZERA Wallet Creation Module","Error Handling"],"fullName":"ZERA Wallet Creation Module Error Handling should handle invalid key type","status":"passed","title":"should handle invalid key type","duration":0.8010000000001583,"failureMessages":[],"meta":{}},{"ancestorTitles":["ZERA Wallet Creation Module","Batch Operations"],"fullName":"ZERA Wallet Creation Module Batch Operations should create multiple wallets efficiently","status":"passed","title":"should create multiple wallets efficiently","duration":71.15870000000018,"failureMessages":[],"meta":{}},{"ancestorTitles":["ZERA Wallet Creation Module","Mock Testing"],"fullName":"ZERA Wallet Creation Module Mock Testing should work with mock data","status":"passed","title":"should work with mock data","duration":0.40820000000007894,"failureMessages":[],"meta":{}}],"startTime":1758822063715,"endTime":1758822063944.4082,"status":"failed","message":"","name":"E:/Zera Github/zera-js-sdk/src/wallet-creation/tests/wallet-creation.module.test.ts"},{"assertionResults":[],"startTime":1758822062893,"endTime":1758822062893,"status":"failed","message":"No test suite found in file E:/Zera Github/zera-js-sdk/src/shared/fee-calculators/test/test-auto-detection.ts","name":"E:/Zera Github/zera-js-sdk/src/shared/fee-calculators/test/test-auto-detection.ts"},{"assertionResults":[],"startTime":1758822062893,"endTime":1758822062893,"status":"failed","message":"No test suite found in file E:/Zera Github/zera-js-sdk/src/shared/fee-calculators/test/test-duration-formatter.ts","name":"E:/Zera Github/zera-js-sdk/src/shared/fee-calculators/test/test-duration-formatter.ts"},{"assertionResults":[],"startTime":1758822062893,"endTime":1758822062893,"status":"failed","message":"No test suite found in file E:/Zera Github/zera-js-sdk/src/shared/fee-calculators/test/test-interface-fees.ts","name":"E:/Zera Github/zera-js-sdk/src/shared/fee-calculators/test/test-interface-fees.ts"},{"assertionResults":[],"startTime":1758822062893,"endTime":1758822062893,"status":"failed","message":"No test suite found in file E:/Zera Github/zera-js-sdk/src/shared/fee-calculators/test/test-unified-fee-calculation.ts","name":"E:/Zera Github/zera-js-sdk/src/shared/fee-calculators/test/test-unified-fee-calculation.ts"}]}